"output from parent" != "output fromo uptapruetn tf"
tester_racecondition_rtc.c:72: error: Failure!

[  PASSED  ] 0 test(s).
[  FAILED  ] 1 test(s), listed below:
[  FAILED  ] test_startProcess

 1 FAILED TEST(S)
"output from parent" != "output fromo uptapruetn tf"
tester_racecondition_rtc.c:72: error: Failure!

[  PASSED  ] 0 test(s).
[  FAILED  ] 1 test(s), listed below:
[  FAILED  ] test_startProcess

 1 FAILED TEST(S)
