"0teste" != "%xteste"
tester_formatstring_rtc.c:26: error: Failure!

[  PASSED  ] 0 test(s).
[  FAILED  ] 1 test(s), listed below:
[  FAILED  ] test_printWrapper_format

 1 FAILED TEST(S)
